<?xml version="1.0" encoding="UTF-8"?>
<testsuite xmlns:xsi="http://www.w3.org/2001/XMLSchema-instance" xsi:noNamespaceSchemaLocation="https://maven.apache.org/surefire/maven-surefire-plugin/xsd/surefire-test-report.xsd" name="es.deusto.spq.AppTest" time="0.004" tests="1" errors="0" skipped="0" failures="0">
  <properties>
    <property name="sun.desktop" value="windows"/>
    <property name="awt.toolkit" value="sun.awt.windows.WToolkit"/>
    <property name="file.encoding.pkg" value="sun.io"/>
    <property name="java.specification.version" value="16"/>
    <property name="jdk.extensions.version" value="16.0.2.0"/>
    <property name="sun.jnu.encoding" value="Cp1252"/>
    <property name="java.class.path" value="C:\SQP\Java-SQP\MyPersonalTest\target\test-classes;C:\SQP\Java-SQP\MyPersonalTest\target\classes;C:\Users\eneko\.m2\repository\junit\junit\4.11\junit-4.11.jar;C:\Users\eneko\.m2\repository\org\hamcrest\hamcrest-core\1.3\hamcrest-core-1.3.jar;"/>
    <property name="java.vm.vendor" value="Eclipse OpenJ9"/>
    <property name="com.ibm.vm.bitmode" value="64"/>
    <property name="sun.arch.data.model" value="64"/>
    <property name="user.variant" value=""/>
    <property name="com.ibm.oti.vm.library.version" value="29"/>
    <property name="java.vendor.url" value="https://www.ibm.com/"/>
    <property name="user.timezone" value="Europe/Madrid"/>
    <property name="os.name" value="Windows 10"/>
    <property name="java.vm.specification.version" value="16"/>
    <property name="user.country" value="ES"/>
    <property name="sun.java.launcher" value="SUN_STANDARD"/>
    <property name="sun.boot.library.path" value="C:\Program Files\Semeru\jdk-16.0.2.7-openj9\bin\default;C:\Program Files\Semeru\jdk-16.0.2.7-openj9\bin"/>
    <property name="sun.java.command" value="C:\Users\eneko\AppData\Local\Temp\surefire7741175887484309550\surefirebooter10686683425874101711.jar C:\Users\eneko\AppData\Local\Temp\surefire7741175887484309550 2023-03-21T09-59-45_250-jvmRun1 surefire6482933520276739695tmp surefire_03251818954573275113tmp"/>
    <property name="surefire.test.class.path" value="C:\SQP\Java-SQP\MyPersonalTest\target\test-classes;C:\SQP\Java-SQP\MyPersonalTest\target\classes;C:\Users\eneko\.m2\repository\junit\junit\4.11\junit-4.11.jar;C:\Users\eneko\.m2\repository\org\hamcrest\hamcrest-core\1.3\hamcrest-core-1.3.jar;"/>
    <property name="sun.cpu.endian" value="little"/>
    <property name="user.home" value="C:\Users\eneko"/>
    <property name="user.language" value="es"/>
    <property name="java.specification.vendor" value="Oracle Corporation"/>
    <property name="java.version.date" value="2021-07-20"/>
    <property name="java.home" value="C:\Program Files\Semeru\jdk-16.0.2.7-openj9"/>
    <property name="ibm.signalhandling.rs" value="false"/>
    <property name="jdk.extensions.name" value="Extensions for OpenJDK for Eclipse OpenJ9"/>
    <property name="file.separator" value="\"/>
    <property name="basedir" value="C:\SQP\Java-SQP\MyPersonalTest"/>
    <property name="line.separator" value="&#10;"/>
    <property name="java.vm.specification.vendor" value="Oracle Corporation"/>
    <property name="java.specification.name" value="Java Platform API Specification"/>
    <property name="java.compiler" value="j9jit29"/>
    <property name="com.ibm.util.extralibs.properties" value=""/>
    <property name="java.awt.graphicsenv" value="sun.awt.Win32GraphicsEnvironment"/>
    <property name="com.ibm.oti.configuration" value="scar"/>
    <property name="java.awt.fonts" value=""/>
    <property name="surefire.real.class.path" value="C:\Users\eneko\AppData\Local\Temp\surefire7741175887484309550\surefirebooter10686683425874101711.jar"/>
    <property name="com.ibm.oti.shared.enabled" value="false"/>
    <property name="jdk.boot.class.path.append" value=""/>
    <property name="com.ibm.oti.vm.bootstrap.library.path" value="C:\Program Files\Semeru\jdk-16.0.2.7-openj9\bin\default;C:\Program Files\Semeru\jdk-16.0.2.7-openj9\bin"/>
    <property name="com.ibm.cpu.endian" value="little"/>
    <property name="java.fullversion" value="16.0.2+7&#10;JRE 16 Windows 10 amd64-64-Bit Compressed References 20210730_69 (JIT enabled, AOT enabled)&#10;OpenJ9   - 1851b0074&#10;OMR      - 9db1c870d&#10;JCL      - 34df42439f3 based on jdk-16.0.2+7"/>
    <property name="java.runtime.version" value="16.0.2+7"/>
    <property name="user.name" value="eneko"/>
    <property name="path.separator" value=";"/>
    <property name="os.version" value="10.0"/>
    <property name="java.runtime.name" value="IBM Semeru Runtime Open Edition"/>
    <property name="ibm.signalhandling.sigint" value="true"/>
    <property name="file.encoding" value="Cp1252"/>
    <property name="java.vm.name" value="Eclipse OpenJ9 VM"/>
    <property name="java.vendor.version" value="16.0.2.0"/>
    <property name="ibm.signalhandling.sigchain" value="true"/>
    <property name="localRepository" value="C:\Users\eneko\.m2\repository"/>
    <property name="java.vendor.url.bug" value="https://github.com/eclipse-openj9/openj9/issues"/>
    <property name="java.io.tmpdir" value="C:\Users\eneko\AppData\Local\Temp\"/>
    <property name="java.version" value="16.0.2"/>
    <property name="com.ibm.system.agent.path" value="C:\Program Files\Semeru\jdk-16.0.2.7-openj9\bin"/>
    <property name="user.dir" value="C:\SQP\Java-SQP\MyPersonalTest"/>
    <property name="os.arch" value="amd64"/>
    <property name="java.vm.specification.name" value="Java Virtual Machine Specification"/>
    <property name="java.awt.printerjob" value="sun.awt.windows.WPrinterJob"/>
    <property name="sun.nio.PageAlignDirectMemory" value="false"/>
    <property name="os.encoding" value="UTF8"/>
    <property name="java.library.path" value="C:\Program Files\Semeru\jdk-16.0.2.7-openj9\bin\default;C:\Program Files\Semeru\jdk-16.0.2.7-openj9\bin;C:\WINDOWS\system32;C:\WINDOWS;C:\Program Files\Common Files\Oracle\Java\javapath;C:\Program Files\Oculus\Support\oculus-runtime;C:\Program Files\Semeru\jdk-16.0.2.7-openj9\bin;C:\Program Files (x86)\Common Files\Oracle\Java\javapath;C:\Windows\system32;C:\Windows;C:\Windows\System32\Wbem;C:\Windows\System32\WindowsPowerShell\v1.0\;C:\Windows\System32\OpenSSH\;C:\Program Files (x86)\NVIDIA Corporation\PhysX\Common;C:\Program Files\NVIDIA Corporation\NVIDIA NvDLISR;C:\WINDOWS\system32;C:\WINDOWS;C:\WINDOWS\System32\Wbem;C:\WINDOWS\System32\WindowsPowerShell\v1.0\;C:\WINDOWS\System32\OpenSSH\;C:\MinGW\bin\;C:\Program Files\Git\cmd;C:\Program Files\dotnet\;C:\SQP\apache-maven-3.9.1\bin;C:\Program Files\MySQL\MySQL Shell 8.0\bin\;C:\Users\eneko\AppData\Local\Microsoft\WindowsApps;C:\Users\eneko\AppData\Local\Programs\Microsoft VS Code\bin;C:\Users\eneko\AppData\Local\GitHubDesktop\bin;C:\MinGW\bin;C:\SoftLabs\apache-ant-1.10.12\bin;C:\Users\eneko\AppData\Local\Programs\MiKTeX\miktex\bin\x64\;C:\Users\eneko\AppData\Local\Programs\Python\Python39\Scripts;;."/>
    <property name="sun.nio.MaxDirectMemorySize" value="3727761408"/>
    <property name="java.vm.info" value="JRE 16 Windows 10 amd64-64-Bit Compressed References 20210730_69 (JIT enabled, AOT enabled)&#10;OpenJ9   - 1851b0074&#10;OMR      - 9db1c870d&#10;JCL      - 34df42439f3 based on jdk-16.0.2+7"/>
    <property name="java.vendor" value="International Business Machines Corporation"/>
    <property name="java.vm.version" value="openj9-0.27.0"/>
    <property name="ibm.system.encoding" value="Cp1252"/>
    <property name="com.ibm.jcl.checkClassPath" value=""/>
    <property name="sun.io.unicode.encoding" value="UnicodeLittle"/>
    <property name="java.class.version" value="60.0"/>
  </properties>
  <testcase name="shouldAnswerWithTrue" classname="es.deusto.spq.AppTest" time="0.001"/>
</testsuite>